/*C9*/SET SCHEMA PUBLIC
DELETE FROM OPENJPA_SEQUENCE_TABLE WHERE ID=0
INSERT INTO OPENJPA_SEQUENCE_TABLE VALUES(0,751)
COMMIT
DELETE FROM OPENJPA_SEQUENCE_TABLE WHERE ID=0
INSERT INTO OPENJPA_SEQUENCE_TABLE VALUES(0,801)
COMMIT
/*C1*/SET SCHEMA SYSTEM_LOBS
INSERT INTO LOB_IDS VALUES(353,254,0,40)
COMMIT
ALTER SEQUENCE SYSTEM_LOBS.LOB_ID RESTART WITH 354
DELETE FROM BLOCKS WHERE BLOCK_ADDR=341
INSERT INTO BLOCKS VALUES(341,1,0)
INSERT INTO BLOCKS VALUES(342,2147483305,0)
DELETE FROM BLOCKS WHERE BLOCK_ADDR=341
INSERT INTO LOBS VALUES(341,1,0,353)
COMMIT
/*C7*/SET SCHEMA PUBLIC
INSERT INTO RSSCHANNEL VALUES(701,'http://dir.yahoo.com/new/20121022/Arts','What''s New on Yahoo! - Photography')
INSERT INTO RSSCHANNEL_ITEM VALUES(751,353,'http://us.lrd.yahoo.com/_ylc=X3oDMTBia3FyNjc4BHNlY3Rpb24DcnNz/SIG=11g6tm5qg/**http%3A//www.davidburkephotographyblog.co.uk/','Kent Wedding Photograher David Burke',701)
SET SCHEMA SYSTEM_LOBS
DELETE FROM LOB_IDS WHERE LOB_ID=353
INSERT INTO LOB_IDS VALUES(353,254,1,40)
COMMIT
/*C1*/INSERT INTO LOB_IDS VALUES(354,218,0,40)
COMMIT
ALTER SEQUENCE SYSTEM_LOBS.LOB_ID RESTART WITH 355
DELETE FROM BLOCKS WHERE BLOCK_ADDR=342
INSERT INTO BLOCKS VALUES(342,1,0)
INSERT INTO BLOCKS VALUES(343,2147483304,0)
DELETE FROM BLOCKS WHERE BLOCK_ADDR=342
INSERT INTO LOBS VALUES(342,1,0,354)
COMMIT
/*C8*/SET SCHEMA PUBLIC
INSERT INTO RSSCHANNEL VALUES(702,'http://dir.yahoo.com/new/20121211/Entertainment','What''s New on Yahoo! - Music')
INSERT INTO RSSCHANNEL_ITEM VALUES(752,354,'http://us.lrd.yahoo.com/_ylc=X3oDMTBia3FyNjc4BHNlY3Rpb24DcnNz/SIG=113d7r40b/**http%3A//www.lyricspremiere.com/','Lyrics Premiere',702)
SET SCHEMA SYSTEM_LOBS
DELETE FROM LOB_IDS WHERE LOB_ID=354
INSERT INTO LOB_IDS VALUES(354,218,1,40)
COMMIT
/*C1*/INSERT INTO LOB_IDS VALUES(355,362,0,40)
COMMIT
ALTER SEQUENCE SYSTEM_LOBS.LOB_ID RESTART WITH 356
DELETE FROM BLOCKS WHERE BLOCK_ADDR=343
INSERT INTO BLOCKS VALUES(343,1,0)
INSERT INTO BLOCKS VALUES(344,2147483303,0)
DELETE FROM BLOCKS WHERE BLOCK_ADDR=343
INSERT INTO LOBS VALUES(343,1,0,355)
COMMIT
/*C7*/SET SCHEMA PUBLIC
INSERT INTO RSSCHANNEL VALUES(703,'http://dir.yahoo.com/new/20121217/Regional','What''s New on Yahoo! - Regions')
INSERT INTO RSSCHANNEL_ITEM VALUES(753,355,'http://us.lrd.yahoo.com/_ylc=X3oDMTBia3FyNjc4BHNlY3Rpb24DcnNz/SIG=10u8ubudi/**http%3A//www.hoteltrip.com/','HotelTrip.com',703)
SET SCHEMA SYSTEM_LOBS
DELETE FROM LOB_IDS WHERE LOB_ID=355
INSERT INTO LOB_IDS VALUES(355,362,1,40)
COMMIT
/*C1*/INSERT INTO LOB_IDS VALUES(356,290,0,40)
COMMIT
ALTER SEQUENCE SYSTEM_LOBS.LOB_ID RESTART WITH 357
DELETE FROM BLOCKS WHERE BLOCK_ADDR=344
INSERT INTO BLOCKS VALUES(344,1,0)
INSERT INTO BLOCKS VALUES(345,2147483302,0)
DELETE FROM BLOCKS WHERE BLOCK_ADDR=344
INSERT INTO LOBS VALUES(344,1,0,356)
COMMIT
/*C8*/SET SCHEMA PUBLIC
INSERT INTO RSSCHANNEL VALUES(704,'http://dir.yahoo.com/new/20121219/Science','What''s New on Yahoo! - Science')
INSERT INTO RSSCHANNEL_ITEM VALUES(754,356,'http://us.lrd.yahoo.com/_ylc=X3oDMTBia3FyNjc4BHNlY3Rpb24DcnNz/SIG=10v2kmulv/**http%3A//www.planetseed.com/','PlanetSEED.com',704)
SET SCHEMA SYSTEM_LOBS
DELETE FROM LOB_IDS WHERE LOB_ID=356
INSERT INTO LOB_IDS VALUES(356,290,1,40)
COMMIT
/*C1*/INSERT INTO LOB_IDS VALUES(357,413,0,40)
COMMIT
ALTER SEQUENCE SYSTEM_LOBS.LOB_ID RESTART WITH 358
DELETE FROM BLOCKS WHERE BLOCK_ADDR=345
INSERT INTO BLOCKS VALUES(345,1,0)
INSERT INTO BLOCKS VALUES(346,2147483301,0)
DELETE FROM BLOCKS WHERE BLOCK_ADDR=345
INSERT INTO LOBS VALUES(345,1,0,357)
COMMIT
/*C7*/SET SCHEMA PUBLIC
INSERT INTO RSSCHANNEL VALUES(705,'http://dir.yahoo.com/new/20100308/Computers_and_Internet','What''s New on Yahoo! - Surfers'' Picks')
INSERT INTO RSSCHANNEL_ITEM VALUES(755,357,'http://us.lrd.yahoo.com/_ylc=X3oDMTBia3FyNjc4BHNlY3Rpb24DcnNz/SIG=112p5h8s6/**http%3A//www.percevalpress.com/','Perceval Press',705)
SET SCHEMA SYSTEM_LOBS
DELETE FROM LOB_IDS WHERE LOB_ID=357
INSERT INTO LOB_IDS VALUES(357,413,1,40)
COMMIT
/*C1*/INSERT INTO LOB_IDS VALUES(358,3403,0,40)
COMMIT
ALTER SEQUENCE SYSTEM_LOBS.LOB_ID RESTART WITH 359
DELETE FROM BLOCKS WHERE BLOCK_ADDR=346
INSERT INTO BLOCKS VALUES(346,1,0)
INSERT INTO BLOCKS VALUES(347,2147483300,0)
DELETE FROM BLOCKS WHERE BLOCK_ADDR=346
INSERT INTO LOBS VALUES(346,1,0,358)
COMMIT
INSERT INTO LOB_IDS VALUES(359,2363,0,40)
COMMIT
ALTER SEQUENCE SYSTEM_LOBS.LOB_ID RESTART WITH 360
DELETE FROM BLOCKS WHERE BLOCK_ADDR=347
INSERT INTO BLOCKS VALUES(347,1,0)
INSERT INTO BLOCKS VALUES(348,2147483299,0)
DELETE FROM BLOCKS WHERE BLOCK_ADDR=347
INSERT INTO LOBS VALUES(347,1,0,359)
COMMIT
INSERT INTO LOB_IDS VALUES(360,3441,0,40)
COMMIT
ALTER SEQUENCE SYSTEM_LOBS.LOB_ID RESTART WITH 361
DELETE FROM BLOCKS WHERE BLOCK_ADDR=348
INSERT INTO BLOCKS VALUES(348,1,0)
INSERT INTO BLOCKS VALUES(349,2147483298,0)
DELETE FROM BLOCKS WHERE BLOCK_ADDR=348
INSERT INTO LOBS VALUES(348,1,0,360)
COMMIT
INSERT INTO LOB_IDS VALUES(361,3689,0,40)
COMMIT
ALTER SEQUENCE SYSTEM_LOBS.LOB_ID RESTART WITH 362
DELETE FROM BLOCKS WHERE BLOCK_ADDR=349
INSERT INTO BLOCKS VALUES(349,1,0)
INSERT INTO BLOCKS VALUES(350,2147483297,0)
DELETE FROM BLOCKS WHERE BLOCK_ADDR=349
INSERT INTO LOBS VALUES(349,1,0,361)
COMMIT
INSERT INTO LOB_IDS VALUES(362,2184,0,40)
COMMIT
ALTER SEQUENCE SYSTEM_LOBS.LOB_ID RESTART WITH 363
DELETE FROM BLOCKS WHERE BLOCK_ADDR=350
INSERT INTO BLOCKS VALUES(350,1,0)
INSERT INTO BLOCKS VALUES(351,2147483296,0)
DELETE FROM BLOCKS WHERE BLOCK_ADDR=350
INSERT INTO LOBS VALUES(350,1,0,362)
COMMIT
INSERT INTO LOB_IDS VALUES(363,3284,0,40)
COMMIT
ALTER SEQUENCE SYSTEM_LOBS.LOB_ID RESTART WITH 364
DELETE FROM BLOCKS WHERE BLOCK_ADDR=351
INSERT INTO BLOCKS VALUES(351,1,0)
INSERT INTO BLOCKS VALUES(352,2147483295,0)
DELETE FROM BLOCKS WHERE BLOCK_ADDR=351
INSERT INTO LOBS VALUES(351,1,0,363)
COMMIT
INSERT INTO LOB_IDS VALUES(364,3568,0,40)
COMMIT
ALTER SEQUENCE SYSTEM_LOBS.LOB_ID RESTART WITH 365
DELETE FROM BLOCKS WHERE BLOCK_ADDR=352
INSERT INTO BLOCKS VALUES(352,1,0)
INSERT INTO BLOCKS VALUES(353,2147483294,0)
DELETE FROM BLOCKS WHERE BLOCK_ADDR=352
INSERT INTO LOBS VALUES(352,1,0,364)
COMMIT
INSERT INTO LOB_IDS VALUES(365,2208,0,40)
COMMIT
ALTER SEQUENCE SYSTEM_LOBS.LOB_ID RESTART WITH 366
DELETE FROM BLOCKS WHERE BLOCK_ADDR=353
INSERT INTO BLOCKS VALUES(353,1,0)
INSERT INTO BLOCKS VALUES(354,2147483293,0)
DELETE FROM BLOCKS WHERE BLOCK_ADDR=353
INSERT INTO LOBS VALUES(353,1,0,365)
COMMIT
INSERT INTO LOB_IDS VALUES(366,3177,0,40)
COMMIT
ALTER SEQUENCE SYSTEM_LOBS.LOB_ID RESTART WITH 367
DELETE FROM BLOCKS WHERE BLOCK_ADDR=354
INSERT INTO BLOCKS VALUES(354,1,0)
INSERT INTO BLOCKS VALUES(355,2147483292,0)
DELETE FROM BLOCKS WHERE BLOCK_ADDR=354
INSERT INTO LOBS VALUES(354,1,0,366)
COMMIT
INSERT INTO LOB_IDS VALUES(367,2908,0,40)
COMMIT
ALTER SEQUENCE SYSTEM_LOBS.LOB_ID RESTART WITH 368
DELETE FROM BLOCKS WHERE BLOCK_ADDR=355
INSERT INTO BLOCKS VALUES(355,1,0)
INSERT INTO BLOCKS VALUES(356,2147483291,0)
DELETE FROM BLOCKS WHERE BLOCK_ADDR=355
INSERT INTO LOBS VALUES(355,1,0,367)
COMMIT
/*C7*/SET SCHEMA PUBLIC
INSERT INTO RSSCHANNEL VALUES(706,'http://news.google.ca/news?pz=1&ned=ca&hl=en&topic=n','Nation - Google News')
INSERT INTO RSSCHANNEL_ITEM VALUES(756,358,'http://news.google.com/news/url?sa=t&fd=R&usg=AFQjCNFd5cBbz_TmU4o4K8oQoRMS2qJILg&url=http://www.theglobeandmail.com/news/world/more-disclosures-about-canadas-foreign-spying-activities-coming-us-journalist-says/article14726430/','Brazil is tip of the iceberg on Canadian spying, US journalist says - The Globe and Mail',706)
INSERT INTO RSSCHANNEL_ITEM VALUES(757,359,'http://news.google.com/news/url?sa=t&fd=R&usg=AFQjCNHlj194EWYldFD5N3koAeYUXo_Y5Q&url=http://o.canada.com/news/ndp-looks-to-curtail-senate-travel/','NDP looks to curtail Senate travel - Canada.com',706)
INSERT INTO RSSCHANNEL_ITEM VALUES(758,360,'http://news.google.com/news/url?sa=t&fd=R&usg=AFQjCNGQE5uUTHemAlnJX5905S458fDkOw&url=http://www.vancouversun.com/news/national/RCMP%2Bdocuments%2Bdetail%2Bbrand%2Ballegations%2Bagainst%2BMike%2BDuffy/9012051/story.html','RCMP documents detail brand new allegations against Sen. Mike Duffy - Vancouver Sun',706)
INSERT INTO RSSCHANNEL_ITEM VALUES(759,361,'http://news.google.com/news/url?sa=t&fd=R&usg=AFQjCNE71Dn9e9J4toy_eDlIruf_ORXt1g&url=http://news.nationalpost.com/2013/10/08/laval-quebec-mayoral-candidate-seeks-police-protection-after-campaign-manager-allegedly-assaulted/','Laval, Quebec mayoral candidate seeks police protection after campaign ... - National Post',706)
INSERT INTO RSSCHANNEL_ITEM VALUES(760,362,'http://news.google.com/news/url?sa=t&fd=R&usg=AFQjCNFHEh4mjc5G9iuGWxcvnb8Dmxb7CQ&url=http://www.vancouversun.com/news/national/Marc%2BNadon%2BSupreme%2BCourt%2Bappointment%2Bsubject%2Blegal/9011846/story.html','Marc Nadon''s Supreme Court appointment subject of legal challenge - Vancouver Sun',706)
INSERT INTO RSSCHANNEL_ITEM VALUES(761,363,'http://news.google.com/news/url?sa=t&fd=R&usg=AFQjCNFZM4yk0o45yq-4xijDH2YkGRniGA&url=http://www.theglobeandmail.com/news/politics/harper-scrubs-sri-lanka-visit-over-human-rights-violations/article14719839/','Harper raises stakes by threatening to cut Commonwealth funding - The Globe and Mail',706)
INSERT INTO RSSCHANNEL_ITEM VALUES(762,364,'http://news.google.com/news/url?sa=t&fd=R&usg=AFQjCNFgRfrPi0FGxswf5cg84jy8xNlLWA&url=http://www.cbc.ca/news/world/nobel-prize-for-physics-goes-to-higgs-boson-researchers-1.1929382','Nobel Prize for physics goes to Higgs boson researchers - CBC.ca',706)
INSERT INTO RSSCHANNEL_ITEM VALUES(763,365,'http://news.google.com/news/url?sa=t&fd=R&usg=AFQjCNHSf68-OLpWPxRc81iFGzADjByQGQ&url=http://news.nationalpost.com/2013/10/08/auditor-general-report-puts-cost-of-liberal-gas-plant-cancellations-as-high-as-1-1-billion/','Auditor General report puts total cost of Liberal gas plant cancellations as high ... - National Post',706)
INSERT INTO RSSCHANNEL_ITEM VALUES(764,366,'http://news.google.com/news/url?sa=t&fd=R&usg=AFQjCNGO2mRHbOYMedWaRX5hql0hCoIWLA&url=http://www.vancouversun.com/news/national/Staff%2Brebalanced%2BNational%2BDefence%2BNicholson%2Btells%2Bmedia/9007440/story.html','Staff to be rebalanced at National Defence, Nicholson tells media briefing - Vancouver Sun',706)
INSERT INTO RSSCHANNEL_ITEM VALUES(765,367,'http://news.google.com/news/url?sa=t&fd=R&usg=AFQjCNHUs4s33rSc8h9uLfcQtHbVZSkaXg&url=http://www.ctvnews.ca/politics/nova-scotia-voters-head-to-the-polls-on-provincial-election-day-1.1488186','Nova Scotia voters head to the polls on provincial election day - CTV News',706)
SET SCHEMA SYSTEM_LOBS
DELETE FROM LOB_IDS WHERE LOB_ID=358
INSERT INTO LOB_IDS VALUES(358,3403,1,40)
DELETE FROM LOB_IDS WHERE LOB_ID=359
INSERT INTO LOB_IDS VALUES(359,2363,1,40)
DELETE FROM LOB_IDS WHERE LOB_ID=360
INSERT INTO LOB_IDS VALUES(360,3441,1,40)
DELETE FROM LOB_IDS WHERE LOB_ID=361
INSERT INTO LOB_IDS VALUES(361,3689,1,40)
DELETE FROM LOB_IDS WHERE LOB_ID=362
INSERT INTO LOB_IDS VALUES(362,2184,1,40)
DELETE FROM LOB_IDS WHERE LOB_ID=363
INSERT INTO LOB_IDS VALUES(363,3284,1,40)
DELETE FROM LOB_IDS WHERE LOB_ID=364
INSERT INTO LOB_IDS VALUES(364,3568,1,40)
DELETE FROM LOB_IDS WHERE LOB_ID=365
INSERT INTO LOB_IDS VALUES(365,2208,1,40)
DELETE FROM LOB_IDS WHERE LOB_ID=366
INSERT INTO LOB_IDS VALUES(366,3177,1,40)
DELETE FROM LOB_IDS WHERE LOB_ID=367
INSERT INTO LOB_IDS VALUES(367,2908,1,40)
COMMIT
/*C8*/SET SCHEMA PUBLIC
DELETE FROM RSSCHANNEL WHERE UID=705
COMMIT
DELETE FROM RSSCHANNEL WHERE UID=704
COMMIT
/*C7*/SET SCHEMA PUBLIC
DISCONNECT
/*C8*/DISCONNECT
/*C10*/SET SCHEMA PUBLIC
DISCONNECT
/*C9*/DISCONNECT
